<?xml version="1.0" encoding="UTF-8"?>
<testsuite xmlns:xsi="http://www.w3.org/2001/XMLSchema-instance" xsi:noNamespaceSchemaLocation="https://maven.apache.org/surefire/maven-surefire-plugin/xsd/surefire-test-report-3.0.xsd" version="3.0" name="org.example.bdd.AnagramBDDTest" time="33.695" tests="8" errors="0" skipped="0" failures="0">
  <properties>
[...]
</properties>
  <testcase name="scenario(String, String, boolean)[1]" classname="org.example.bdd.AnagramBDDTest" time="2.153">
    <system-out><![CDATA[13:28:32.923 [main] INFO org.springframework.test.context.support.AnnotationConfigContextLoaderUtils -- Could not detect default configuration classes for test class [org.example.bdd.AnagramBDDTest]: AnagramBDDTest does not declare any static, non-private, non-final, nested classes annotated with @Configuration.
13:28:33.216 [main] INFO org.springframework.boot.test.context.SpringBootTestContextBootstrapper -- Found @SpringBootConfiguration org.example.App for test class org.example.bdd.AnagramBDDTest
13:28:33.545 [main] INFO org.testcontainers.utility.ImageNameSubstitutor -- Image name substitution will be performed by: DefaultImageNameSubstitutor (composite of 'ConfigurationFileImageNameSubstitutor' and 'PrefixingImageNameSubstitutor')
13:28:33.589 [main] INFO org.testcontainers.dockerclient.DockerClientProviderStrategy -- Loaded org.testcontainers.dockerclient.UnixSocketClientProviderStrategy from ~/.testcontainers.properties, will try it first
13:28:34.618 [main] INFO org.testcontainers.dockerclient.DockerClientProviderStrategy -- Found Docker environment with local Unix socket (unix:///var/run/docker.sock)
13:28:34.622 [main] INFO org.testcontainers.DockerClientFactory -- Docker host IP address is localhost
13:28:34.707 [main] INFO org.testcontainers.DockerClientFactory -- Connected to docker: 
  Server Version: 27.4.0
  API Version: 1.47
  Operating System: Docker Desktop
  Total Memory: 7938 MB
13:28:34.792 [main] INFO 🐳 [testcontainers/ryuk:0.3.4] -- Creating container for image: testcontainers/ryuk:0.3.4
13:28:36.155 [main] INFO 🐳 [testcontainers/ryuk:0.3.4] -- Container testcontainers/ryuk:0.3.4 is starting: bb2388518e23496668cb31baf009adfa09beb8ab4a09d8e27a4949bfb45e987d
13:28:37.035 [main] INFO 🐳 [testcontainers/ryuk:0.3.4] -- Container testcontainers/ryuk:0.3.4 started in PT2.295671S
13:28:37.049 [main] INFO org.testcontainers.utility.RyukResourceReaper -- Ryuk started - will monitor and terminate Testcontainers containers on JVM exit
13:28:37.049 [main] INFO org.testcontainers.DockerClientFactory -- Checking the system...
13:28:37.050 [main] INFO org.testcontainers.DockerClientFactory -- ✔︎ Docker server version should be at least 1.6.0
13:28:37.051 [main] INFO 🐳 [postgres:15-alpine] -- Creating container for image: postgres:15-alpine
13:28:37.162 [main] INFO 🐳 [postgres:15-alpine] -- Container postgres:15-alpine is starting: a7539f6ba26d27b945541a342242914b331c020ea70073113db170042b8b8f1e
13:28:42.762 [main] INFO 🐳 [postgres:15-alpine] -- Container postgres:15-alpine started in PT5.711992S
13:28:42.764 [main] INFO 🐳 [postgres:15-alpine] -- Container is started (JDBC URL: jdbc:postgresql://localhost:50588/testdb?loggerLevel=OFF)

  .   ____          _            __ _ _
 /\\ / ___'_ __ _ _(_)_ __  __ _ \ \ \ \
( ( )\___ | '_ | '_| | '_ \/ _` | \ \ \ \
 \\/  ___)| |_)| | | | | || (_| |  ) ) ) )
  '  |____| .__|_| |_|_| |_\__, | / / / /
 =========|_|==============|___/=/_/_/_/
 :: Spring Boot ::                (v3.1.6)

2026-01-09T13:28:43.682Z  INFO 52009 --- [           main] org.example.bdd.AnagramBDDTest           : Starting AnagramBDDTest using Java 17.0.17 with PID 52009 (started by krishanshukla in /Users/krishanshukla/IdeaProjects/testpyramid)
2026-01-09T13:28:43.690Z  INFO 52009 --- [           main] org.example.bdd.AnagramBDDTest           : No active profile set, falling back to 1 default profile: "default"
2026-01-09T13:28:48.196Z  INFO 52009 --- [           main] .s.d.r.c.RepositoryConfigurationDelegate : Bootstrapping Spring Data JPA repositories in DEFAULT mode.
2026-01-09T13:28:48.437Z  INFO 52009 --- [           main] .s.d.r.c.RepositoryConfigurationDelegate : Finished Spring Data repository scanning in 215 ms. Found 1 JPA repository interface.
2026-01-09T13:28:50.306Z  INFO 52009 --- [           main] o.s.b.w.embedded.tomcat.TomcatWebServer  : Tomcat initialized with port(s): 0 (http)
2026-01-09T13:28:50.338Z  INFO 52009 --- [           main] o.apache.catalina.core.StandardService   : Starting service [Tomcat]
2026-01-09T13:28:50.340Z  INFO 52009 --- [           main] o.apache.catalina.core.StandardEngine    : Starting Servlet engine: [Apache Tomcat/10.1.16]
2026-01-09T13:28:50.608Z  INFO 52009 --- [           main] o.a.c.c.C.[Tomcat].[localhost].[/]       : Initializing Spring embedded WebApplicationContext
2026-01-09T13:28:50.611Z  INFO 52009 --- [           main] w.s.c.ServletWebServerApplicationContext : Root WebApplicationContext: initialization completed in 6796 ms
2026-01-09T13:28:50.983Z  INFO 52009 --- [           main] com.zaxxer.hikari.HikariDataSource       : HikariPool-1 - Starting...
2026-01-09T13:28:51.549Z  INFO 52009 --- [           main] com.zaxxer.hikari.pool.HikariPool        : HikariPool-1 - Added connection org.postgresql.jdbc.PgConnection@2c4cf7eb
2026-01-09T13:28:51.551Z  INFO 52009 --- [           main] com.zaxxer.hikari.HikariDataSource       : HikariPool-1 - Start completed.
2026-01-09T13:28:51.578Z  INFO 52009 --- [           main] o.s.b.a.h2.H2ConsoleAutoConfiguration    : H2 console available at '/h2-console'. Database available at 'jdbc:postgresql://localhost:50588/testdb?loggerLevel=OFF'
2026-01-09T13:28:52.082Z  INFO 52009 --- [           main] o.f.c.internal.license.VersionPrinter    : Flyway Community Edition 9.20.0 by Redgate
2026-01-09T13:28:52.082Z  INFO 52009 --- [           main] o.f.c.internal.license.VersionPrinter    : See release notes here: https://rd.gt/416ObMi
2026-01-09T13:28:52.083Z  INFO 52009 --- [           main] o.f.c.internal.license.VersionPrinter    : 
2026-01-09T13:28:52.119Z  INFO 52009 --- [           main] o.f.c.i.database.base.BaseDatabaseType   : Database: jdbc:postgresql://localhost:50588/testdb (PostgreSQL 15.15)
2026-01-09T13:28:52.259Z  INFO 52009 --- [           main] o.f.c.i.s.JdbcTableSchemaHistory         : Schema history table "public"."flyway_schema_history" does not exist yet
2026-01-09T13:28:52.267Z  INFO 52009 --- [           main] o.f.core.internal.command.DbValidate     : Successfully validated 1 migration (execution time 00:00.044s)
2026-01-09T13:28:52.425Z  INFO 52009 --- [           main] o.f.c.i.s.JdbcTableSchemaHistory         : Creating Schema History table "public"."flyway_schema_history" ...
2026-01-09T13:28:52.625Z  INFO 52009 --- [           main] o.f.core.internal.command.DbMigrate      : Current version of schema "public": << Empty Schema >>
2026-01-09T13:28:52.673Z  INFO 52009 --- [           main] o.f.core.internal.command.DbMigrate      : Migrating schema "public" to version "1 - create words table"
2026-01-09T13:28:52.906Z  INFO 52009 --- [           main] o.f.core.internal.command.DbMigrate      : Successfully applied 1 migration to schema "public", now at version v1 (execution time 00:00.106s)
2026-01-09T13:28:53.150Z  INFO 52009 --- [           main] o.hibernate.jpa.internal.util.LogHelper  : HHH000204: Processing PersistenceUnitInfo [name: default]
2026-01-09T13:28:53.335Z  INFO 52009 --- [           main] org.hibernate.Version                    : HHH000412: Hibernate ORM core version 6.2.13.Final
2026-01-09T13:28:53.342Z  INFO 52009 --- [           main] org.hibernate.cfg.Environment            : HHH000406: Using bytecode reflection optimizer
2026-01-09T13:28:54.931Z  INFO 52009 --- [           main] o.s.o.j.p.SpringPersistenceUnitInfo      : No LoadTimeWeaver setup: ignoring JPA class transformer
2026-01-09T13:28:58.442Z  INFO 52009 --- [           main] o.h.e.t.j.p.i.JtaPlatformInitiator       : HHH000489: No JTA platform available (set 'hibernate.transaction.jta.platform' to enable JTA platform integration)
2026-01-09T13:28:58.683Z  INFO 52009 --- [           main] j.LocalContainerEntityManagerFactoryBean : Initialized JPA EntityManagerFactory for persistence unit 'default'
2026-01-09T13:28:59.859Z  INFO 52009 --- [           main] o.s.d.j.r.query.QueryEnhancerFactory     : Hibernate is in classpath; If applicable, HQL parser will be used.
2026-01-09T13:29:01.563Z  WARN 52009 --- [           main] JpaBaseConfiguration$JpaWebConfiguration : spring.jpa.open-in-view is enabled by default. Therefore, database queries may be performed during view rendering. Explicitly configure spring.jpa.open-in-view to disable this warning
2026-01-09T13:29:03.234Z  INFO 52009 --- [           main] o.s.b.a.e.web.EndpointLinksResolver      : Exposing 4 endpoint(s) beneath base path '/actuator'
2026-01-09T13:29:03.593Z  INFO 52009 --- [           main] o.s.b.w.embedded.tomcat.TomcatWebServer  : Tomcat started on port(s): 50608 (http) with context path ''
2026-01-09T13:29:03.650Z  INFO 52009 --- [           main] org.example.bdd.AnagramBDDTest           : Started AnagramBDDTest in 20.804 seconds (process running for 151.698)
2026-01-09T13:29:05.573Z  INFO 52009 --- [o-auto-1-exec-1] o.a.c.c.C.[Tomcat].[localhost].[/]       : Initializing Spring DispatcherServlet 'dispatcherServlet'
2026-01-09T13:29:05.574Z  INFO 52009 --- [o-auto-1-exec-1] o.s.web.servlet.DispatcherServlet        : Initializing Servlet 'dispatcherServlet'
2026-01-09T13:29:05.577Z  INFO 52009 --- [o-auto-1-exec-1] o.s.web.servlet.DispatcherServlet        : Completed initialization in 2 ms
]]></system-out>
  </testcase>
  <testcase name="scenario(String, String, boolean)[2]" classname="org.example.bdd.AnagramBDDTest" time="0.02"/>
  <testcase name="scenario(String, String, boolean)[3]" classname="org.example.bdd.AnagramBDDTest" time="0.023"/>
  <testcase name="scenario(String, String, boolean)[4]" classname="org.example.bdd.AnagramBDDTest" time="0.022"/>
  <testcase name="scenario(String, String, boolean)[5]" classname="org.example.bdd.AnagramBDDTest" time="0.023"/>
  <testcase name="scenario(String, String, boolean)[6]" classname="org.example.bdd.AnagramBDDTest" time="0.021"/>
  <testcase name="scenario(String, String, boolean)[7]" classname="org.example.bdd.AnagramBDDTest" time="0.028"/>
  <testcase name="scenario(String, String, boolean)[8]" classname="org.example.bdd.AnagramBDDTest" time="0.023"/>
</testsuite>